<?xml version="1.0" encoding="UTF-8"?>
<!-- Generated by org.testng.reporters.JUnitReportReporter -->
<testsuite hostname="DESKTOP-K6DVK3H" failures="0" tests="1" name="moduleNameTestNg.ClassC1" time="6.310" errors="0" timestamp="2022-11-07T21:31:56 PST" skipped="0">
  <testcase classname="moduleNameTestNg.ClassC1" name="demo" time="6.310"/>
  <system-out/>
</testsuite> <!-- moduleNameTestNg.ClassC1 -->
