<?xml version="1.0" encoding="UTF-8"?>
<!-- Generated by org.testng.reporters.JUnitReportReporter -->
<testsuite hostname="DESKTOP-K6DVK3H" failures="0" tests="1" name="moduleNameTestNg.SoftAssert" time="0.008" errors="0" timestamp="2022-11-07T20:47:13 PST" skipped="0">
  <testcase classname="moduleNameTestNg.SoftAssert" name="demo" time="0.008"/>
  <system-out/>
</testsuite> <!-- moduleNameTestNg.SoftAssert -->
