<?xml version="1.0" encoding="UTF-8"?>
<!-- Generated by org.testng.reporters.JUnitReportReporter -->
<testsuite hostname="DESKTOP-K6DVK3H" failures="0" tests="7" name="moduleNameTestNg.ClassA" time="0.014" errors="0" timestamp="2022-11-07T20:47:13 PST" skipped="1">
  <testcase classname="moduleNameTestNg.ClassA" name="demo3" time="0.002"/>
  <system-out/>
  <testcase classname="moduleNameTestNg.ClassA" name="demo3" time="0.002"/>
  <system-out/>
  <testcase classname="moduleNameTestNg.ClassA" name="demo3" time="0.004"/>
  <system-out/>
  <testcase classname="moduleNameTestNg.ClassA" name="demo3" time="0.001"/>
  <system-out/>
  <testcase classname="moduleNameTestNg.ClassA" name="demo3" time="0.002"/>
  <system-out/>
  <testcase classname="moduleNameTestNg.ClassA" name="demo2" time="0.003"/>
  <system-out/>
  <testcase classname="moduleNameTestNg.ClassA" name="demo1">
    <skipped/>
  </testcase> <!-- demo1 -->
  <system-out/>
</testsuite> <!-- moduleNameTestNg.ClassA -->
