<?xml version="1.0" encoding="UTF-8"?>
<!-- Generated by org.testng.reporters.JUnitReportReporter -->
<testsuite hostname="DESKTOP-K6DVK3H" failures="0" tests="2" name="moduleNameTestNg.ClassC" time="16.663" errors="0" timestamp="2022-11-07T21:50:50 PST" skipped="0">
  <testcase classname="moduleNameTestNg.ClassC" name="demo" time="4.505"/>
  <system-out/>
  <testcase classname="moduleNameTestNg.ClassC" name="demo" time="12.158"/>
  <system-out/>
</testsuite> <!-- moduleNameTestNg.ClassC -->
